[2024-11-23 16:24:29.393] [info] Using configuration file /home/guizo/.config/waybar/config.jsonc
[2024-11-23 16:24:29.393] [info] Including resource file: $HOME/.config/waybar/modules/DefaultModules.jsonc
[2024-11-23 16:24:29.394] [info] Including resource file: $HOME/.config/waybar/modules/CustomModules.jsonc
[2024-11-23 16:24:29.395] [info] Including resource file: $HOME/.config/waybar/modules/CustomGroups.jsonc
[2024-11-23 16:24:29.399] [info] Discovered appearance 'dark'
[2024-11-23 16:24:29.399] [info] Using CSS file /home/guizo/.config/waybar/style.css
[2024-11-23 16:24:29.411] [warning] Mapping is not an object
[2024-11-23 16:24:29.423] [warning] module cava: Unknown module: cava
[2024-11-23 16:24:29.424] [error] media stopped unexpectedly, is it endless?
[2024-11-23 16:24:29.428] [warning] Can't open /dev/input/mice (are you in the input group?): EACCES Permission denied
[2024-11-23 16:24:29.428] [warning] Can't open /dev/input/event0 (are you in the input group?): EACCES Permission denied
[2024-11-23 16:24:29.428] [warning] Can't open /dev/input/event1 (are you in the input group?): EACCES Permission denied
[2024-11-23 16:24:29.428] [warning] Can't open /dev/input/event2 (are you in the input group?): EACCES Permission denied
[2024-11-23 16:24:29.428] [warning] Can't open /dev/input/event3 (are you in the input group?): EACCES Permission denied
[2024-11-23 16:24:29.428] [warning] Can't open /dev/input/event4 (are you in the input group?): EACCES Permission denied
[2024-11-23 16:24:29.428] [warning] Can't open /dev/input/mouse0 (are you in the input group?): EACCES Permission denied
[2024-11-23 16:24:29.428] [warning] Can't open /dev/input/event5 (are you in the input group?): EACCES Permission denied
[2024-11-23 16:24:29.428] [warning] Can't open /dev/input/mouse1 (are you in the input group?): EACCES Permission denied
[2024-11-23 16:24:29.428] [warning] Can't open /dev/input/event6 (are you in the input group?): EACCES Permission denied
[2024-11-23 16:24:29.429] [warning] Can't open /dev/input/event7 (are you in the input group?): EACCES Permission denied
[2024-11-23 16:24:29.429] [warning] Can't open /dev/input/event8 (are you in the input group?): EACCES Permission denied
[2024-11-23 16:24:29.429] [warning] Can't open /dev/input/event9 (are you in the input group?): EACCES Permission denied
[2024-11-23 16:24:29.429] [warning] Can't open /dev/input/event10 (are you in the input group?): EACCES Permission denied
[2024-11-23 16:24:29.429] [warning] Can't open /dev/input/event11 (are you in the input group?): EACCES Permission denied
[2024-11-23 16:24:29.429] [warning] Can't open /dev/input/event12 (are you in the input group?): EACCES Permission denied
[2024-11-23 16:24:29.429] [warning] Can't open /dev/input/event13 (are you in the input group?): EACCES Permission denied
[2024-11-23 16:24:29.429] [warning] Can't open /dev/input/event14 (are you in the input group?): EACCES Permission denied
[2024-11-23 16:24:29.429] [warning] module keyboard-state: Disabling module "keyboard-state", Failed to find keyboard device: EACCES Permission denied
[2024-11-23 16:24:29.626] [info] Bar configured (width: 1920, height: 29) for output: eDP-1

** (waybar:76015): WARNING **: 16:24:29.626: Status Notifier Item with bus name ':1.4' and object path '/org/ayatana/NotificationItem/nm_applet' is already registered

** (waybar:76015): WARNING **: 16:24:31.049: Status Notifier Item with bus name ':1.4' and object path '/org/ayatana/NotificationItem/nm_applet' is already registered
[0.112] Ignoring unknown config key: color_scheme
[0.460] [PARSE ERROR] Unknown char after ESC: 0x6b
[0.460] [PARSE ERROR] Unknown char after ESC: 0x5c
[0.460] [PARSE ERROR] Unknown char after ESC: 0x6b
[0.460] [PARSE ERROR] Unknown char after ESC: 0x5c
[13.557] [PARSE ERROR] Unknown OSC escape code: 13;#a29d9c
[13.558] [PARSE ERROR] Unknown OSC escape code: 708;#040101
[14.547] [PARSE ERROR] Unknown char after ESC: 0x6b
[14.547] [PARSE ERROR] Unknown char after ESC: 0x5c
[0.112] Ignoring unknown config key: color_scheme
[0.509] [PARSE ERROR] Unknown char after ESC: 0x6b
[0.510] [PARSE ERROR] Unknown char after ESC: 0x5c
[0.510] [PARSE ERROR] Unknown char after ESC: 0x6b
[0.510] [PARSE ERROR] Unknown char after ESC: 0x5c
[7.380] [PARSE ERROR] Unknown OSC escape code: 13;#a1abab
[7.380] [PARSE ERROR] Unknown OSC escape code: 708;#040809
[8.489] [PARSE ERROR] Unknown char after ESC: 0x6b
[8.489] [PARSE ERROR] Unknown char after ESC: 0x5c
[0.112] Ignoring unknown config key: color_scheme
[0.504] [PARSE ERROR] Unknown char after ESC: 0x6b
[0.504] [PARSE ERROR] Unknown char after ESC: 0x5c
[0.504] [PARSE ERROR] Unknown char after ESC: 0x6b
[0.504] [PARSE ERROR] Unknown char after ESC: 0x5c
[2024-11-23 16:28:00.395] [info] Using configuration file /home/guizo/.config/waybar/config.jsonc
[2024-11-23 16:28:00.395] [info] Including resource file: $HOME/.config/waybar/modules/DefaultModules.jsonc
[2024-11-23 16:28:00.396] [info] Including resource file: $HOME/.config/waybar/modules/CustomModules.jsonc
[2024-11-23 16:28:00.396] [info] Including resource file: $HOME/.config/waybar/modules/CustomGroups.jsonc
[2024-11-23 16:28:00.401] [info] Discovered appearance 'dark'
[2024-11-23 16:28:00.401] [info] Using CSS file /home/guizo/.config/waybar/style.css
[2024-11-23 16:28:00.413] [warning] Mapping is not an object
[2024-11-23 16:28:00.422] [warning] module cava: Unknown module: cava
[2024-11-23 16:28:00.425] [error] media stopped unexpectedly, is it endless?
[2024-11-23 16:28:00.428] [warning] Can't open /dev/input/mice (are you in the input group?): EACCES Permission denied
[2024-11-23 16:28:00.428] [warning] Can't open /dev/input/event0 (are you in the input group?): EACCES Permission denied
[2024-11-23 16:28:00.428] [warning] Can't open /dev/input/event1 (are you in the input group?): EACCES Permission denied
[2024-11-23 16:28:00.428] [warning] Can't open /dev/input/event2 (are you in the input group?): EACCES Permission denied
[2024-11-23 16:28:00.428] [warning] Can't open /dev/input/event3 (are you in the input group?): EACCES Permission denied
[2024-11-23 16:28:00.428] [warning] Can't open /dev/input/event4 (are you in the input group?): EACCES Permission denied
[2024-11-23 16:28:00.428] [warning] Can't open /dev/input/mouse0 (are you in the input group?): EACCES Permission denied
[2024-11-23 16:28:00.428] [warning] Can't open /dev/input/event5 (are you in the input group?): EACCES Permission denied
[2024-11-23 16:28:00.428] [warning] Can't open /dev/input/mouse1 (are you in the input group?): EACCES Permission denied
[2024-11-23 16:28:00.428] [warning] Can't open /dev/input/event6 (are you in the input group?): EACCES Permission denied
[2024-11-23 16:28:00.428] [warning] Can't open /dev/input/event7 (are you in the input group?): EACCES Permission denied
[2024-11-23 16:28:00.428] [warning] Can't open /dev/input/event8 (are you in the input group?): EACCES Permission denied
[2024-11-23 16:28:00.428] [warning] Can't open /dev/input/event9 (are you in the input group?): EACCES Permission denied
[2024-11-23 16:28:00.428] [warning] Can't open /dev/input/event10 (are you in the input group?): EACCES Permission denied
[2024-11-23 16:28:00.428] [warning] Can't open /dev/input/event11 (are you in the input group?): EACCES Permission denied
[2024-11-23 16:28:00.428] [warning] Can't open /dev/input/event12 (are you in the input group?): EACCES Permission denied
[2024-11-23 16:28:00.428] [warning] Can't open /dev/input/event13 (are you in the input group?): EACCES Permission denied
[2024-11-23 16:28:00.428] [warning] Can't open /dev/input/event14 (are you in the input group?): EACCES Permission denied
[2024-11-23 16:28:00.428] [warning] module keyboard-state: Disabling module "keyboard-state", Failed to find keyboard device: EACCES Permission denied
[2024-11-23 16:28:00.607] [info] Bar configured (width: 1920, height: 29) for output: eDP-1

** (waybar:78534): WARNING **: 16:28:00.607: Status Notifier Item with bus name ':1.4' and object path '/org/ayatana/NotificationItem/nm_applet' is already registered

** (waybar:78534): WARNING **: 16:28:00.608: Status Notifier Item with bus name ':1.4' and object path '/org/ayatana/NotificationItem/nm_applet' is already registered

** (waybar:78534): WARNING **: 16:28:02.039: Status Notifier Item with bus name ':1.4' and object path '/org/ayatana/NotificationItem/nm_applet' is already registered

** (waybar:78534): WARNING **: 16:28:02.039: Status Notifier Item with bus name ':1.4' and object path '/org/ayatana/NotificationItem/nm_applet' is already registered
No players found
No players found
No players found
No players found
No players found
No players found
No players found
No players found
No players found
No players found
No players found
No players found
No players found
No players found
No players found
No players found
No players found
No players found
No players found
No players found
No players found
No players found
No players found
No players found
No players found
No players found
No players found
No players found
No players found
No players found
No players found
No players found
No players found
No players found
No players found
No players found
No players found
No players found
No players found
No players found
No players found
No players found
No players found
No players found
No players found
No players found
No players found
No players found
No players found
No players found
No players found
No players found
No players found
No players found
No players found
No players found
No players found
No players found
No players found
No players found
No players found
No players found
No players found
No players found
No players found
No players found
No players found

** (waybar:78534): WARNING **: 17:21:22.425: Status Notifier Item with bus name ':1.4' and object path '/org/ayatana/NotificationItem/nm_applet' is already registered

** (waybar:78534): WARNING **: 17:21:22.426: Status Notifier Host with bus name ':1.6992' and object path '/StatusNotifierHost/0' is already registered

** (waybar:78534): WARNING **: 17:21:24.037: Status Notifier Item with bus name ':1.4' and object path '/org/ayatana/NotificationItem/nm_applet' is already registered

** (waybar:78534): WARNING **: 17:21:24.038: Status Notifier Item with bus name ':1.4' and object path '/org/ayatana/NotificationItem/nm_applet' is already registered
[2024-11-23 17:38:52.158] [error] custom/waybarMedia: Error parsing JSON: * Line 1, Column 29
  Missing ',' or '}' in object declaration

[2024-11-23 17:39:02.506] [error] custom/waybarMedia: Error parsing JSON: * Line 1, Column 29
  Missing ',' or '}' in object declaration

[2024-11-23 17:39:12.854] [error] custom/waybarMedia: Error parsing JSON: * Line 1, Column 29
  Missing ',' or '}' in object declaration

[2024-11-23 17:39:23.140] [error] custom/waybarMedia: Error parsing JSON: * Line 1, Column 29
  Missing ',' or '}' in object declaration

[2024-11-23 17:39:33.459] [error] custom/waybarMedia: Error parsing JSON: * Line 1, Column 29
  Missing ',' or '}' in object declaration

[2024-11-23 17:39:43.844] [error] custom/waybarMedia: Error parsing JSON: * Line 1, Column 29
  Missing ',' or '}' in object declaration

[2024-11-23 17:39:54.216] [error] custom/waybarMedia: Error parsing JSON: * Line 1, Column 29
  Missing ',' or '}' in object declaration

[2024-11-23 17:40:04.644] [error] custom/waybarMedia: Error parsing JSON: * Line 1, Column 29
  Missing ',' or '}' in object declaration

[2024-11-23 17:40:14.976] [error] custom/waybarMedia: Error parsing JSON: * Line 1, Column 29
  Missing ',' or '}' in object declaration

[2024-11-23 17:40:25.309] [error] custom/waybarMedia: Error parsing JSON: * Line 1, Column 29
  Missing ',' or '}' in object declaration

[2024-11-23 17:40:35.634] [error] custom/waybarMedia: Error parsing JSON: * Line 1, Column 29
  Missing ',' or '}' in object declaration

[2024-11-23 17:40:45.954] [error] custom/waybarMedia: Error parsing JSON: * Line 1, Column 29
  Missing ',' or '}' in object declaration

[2024-11-23 17:40:56.366] [error] custom/waybarMedia: Error parsing JSON: * Line 1, Column 29
  Missing ',' or '}' in object declaration

[2024-11-23 17:41:06.687] [error] custom/waybarMedia: Error parsing JSON: * Line 1, Column 29
  Missing ',' or '}' in object declaration

[2024-11-23 17:41:17.007] [error] custom/waybarMedia: Error parsing JSON: * Line 1, Column 29
  Missing ',' or '}' in object declaration

[2024-11-23 17:41:27.331] [error] custom/waybarMedia: Error parsing JSON: * Line 1, Column 29
  Missing ',' or '}' in object declaration

[2024-11-23 17:41:37.642] [error] custom/waybarMedia: Error parsing JSON: * Line 1, Column 29
  Missing ',' or '}' in object declaration

[2024-11-23 17:41:47.974] [error] custom/waybarMedia: Error parsing JSON: * Line 1, Column 29
  Missing ',' or '}' in object declaration

[2024-11-23 17:41:58.299] [error] custom/waybarMedia: Error parsing JSON: * Line 1, Column 29
  Missing ',' or '}' in object declaration

[2024-11-23 17:42:08.629] [error] custom/waybarMedia: Error parsing JSON: * Line 1, Column 29
  Missing ',' or '}' in object declaration

[2024-11-23 17:42:18.953] [error] custom/waybarMedia: Error parsing JSON: * Line 1, Column 29
  Missing ',' or '}' in object declaration

[2024-11-23 17:42:29.277] [error] custom/waybarMedia: Error parsing JSON: * Line 1, Column 29
  Missing ',' or '}' in object declaration

[2024-11-23 17:42:39.603] [error] custom/waybarMedia: Error parsing JSON: * Line 1, Column 29
  Missing ',' or '}' in object declaration

[2024-11-23 17:42:49.935] [error] custom/waybarMedia: Error parsing JSON: * Line 1, Column 29
  Missing ',' or '}' in object declaration

[2024-11-23 17:43:00.260] [error] custom/waybarMedia: Error parsing JSON: * Line 1, Column 29
  Missing ',' or '}' in object declaration

[2024-11-23 17:43:10.592] [error] custom/waybarMedia: Error parsing JSON: * Line 1, Column 29
  Missing ',' or '}' in object declaration

[2024-11-23 17:43:20.925] [error] custom/waybarMedia: Error parsing JSON: * Line 1, Column 29
  Missing ',' or '}' in object declaration

[2024-11-24 09:09:52.898] [info] Using configuration file /home/guizo/.config/waybar/config.jsonc
[2024-11-24 09:09:52.899] [info] Including resource file: $HOME/.config/waybar/modules/DefaultModules.jsonc
[2024-11-24 09:09:52.900] [info] Including resource file: $HOME/.config/waybar/modules/CustomModules.jsonc
[2024-11-24 09:09:52.901] [info] Including resource file: $HOME/.config/waybar/modules/CustomGroups.jsonc
[2024-11-24 09:09:52.905] [info] Discovered appearance 'dark'
[2024-11-24 09:09:52.905] [info] Using CSS file /home/guizo/.config/waybar/style.css
[2024-11-24 09:09:52.917] [warning] Mapping is not an object
[2024-11-24 09:09:52.926] [warning] module cava: Unknown module: cava
[2024-11-24 09:09:52.928] [error] media stopped unexpectedly, is it endless?
[2024-11-24 09:09:52.931] [warning] Can't open /dev/input/mice (are you in the input group?): EACCES Permission denied
[2024-11-24 09:09:52.931] [warning] Can't open /dev/input/event0 (are you in the input group?): EACCES Permission denied
[2024-11-24 09:09:52.931] [warning] Can't open /dev/input/event1 (are you in the input group?): EACCES Permission denied
[2024-11-24 09:09:52.931] [warning] Can't open /dev/input/event2 (are you in the input group?): EACCES Permission denied
[2024-11-24 09:09:52.931] [warning] Can't open /dev/input/event3 (are you in the input group?): EACCES Permission denied
[2024-11-24 09:09:52.931] [warning] Can't open /dev/input/event4 (are you in the input group?): EACCES Permission denied
[2024-11-24 09:09:52.931] [warning] Can't open /dev/input/mouse0 (are you in the input group?): EACCES Permission denied
[2024-11-24 09:09:52.931] [warning] Can't open /dev/input/event5 (are you in the input group?): EACCES Permission denied
[2024-11-24 09:09:52.931] [warning] Can't open /dev/input/mouse1 (are you in the input group?): EACCES Permission denied
[2024-11-24 09:09:52.931] [warning] Can't open /dev/input/event6 (are you in the input group?): EACCES Permission denied
[2024-11-24 09:09:52.931] [warning] Can't open /dev/input/event7 (are you in the input group?): EACCES Permission denied
[2024-11-24 09:09:52.931] [warning] Can't open /dev/input/event8 (are you in the input group?): EACCES Permission denied
[2024-11-24 09:09:52.931] [warning] Can't open /dev/input/event9 (are you in the input group?): EACCES Permission denied
[2024-11-24 09:09:52.931] [warning] Can't open /dev/input/event10 (are you in the input group?): EACCES Permission denied
[2024-11-24 09:09:52.931] [warning] Can't open /dev/input/event11 (are you in the input group?): EACCES Permission denied
[2024-11-24 09:09:52.931] [warning] Can't open /dev/input/event12 (are you in the input group?): EACCES Permission denied
[2024-11-24 09:09:52.931] [warning] Can't open /dev/input/event13 (are you in the input group?): EACCES Permission denied
[2024-11-24 09:09:52.931] [warning] Can't open /dev/input/event14 (are you in the input group?): EACCES Permission denied
[2024-11-24 09:09:52.931] [warning] module keyboard-state: Disabling module "keyboard-state", Failed to find keyboard device: EACCES Permission denied
No players found
[2024-11-24 09:09:53.130] [info] Bar configured (width: 1920, height: 29) for output: eDP-1

** (waybar:11070): WARNING **: 09:09:53.136: Status Notifier Item with bus name ':1.4' and object path '/org/ayatana/NotificationItem/nm_applet' is already registered

** (waybar:11070): WARNING **: 09:09:53.137: Status Notifier Item with bus name ':1.4' and object path '/org/ayatana/NotificationItem/nm_applet' is already registered

** (waybar:11070): WARNING **: 09:09:54.040: Status Notifier Item with bus name ':1.4' and object path '/org/ayatana/NotificationItem/nm_applet' is already registered

** (waybar:11070): WARNING **: 09:09:54.040: Status Notifier Item with bus name ':1.4' and object path '/org/ayatana/NotificationItem/nm_applet' is already registered
No players found
No players found
No players found
No players found
No players found
No players found
No players found
No players found
No players found
No players found
No players found
No players found
No players found
No players found
No players found
No players found
No players found
No players found
No players found
No players found
No players found
No players found
No players found
No players found
No players found
No players found
No players found
No players found
No players found
No players found
No players found
No players found
No players found
No players found
No players found
No players found
No players found
No players found
No players found
No players found
No players found
No players found
No players found
No players found
No players found
No players found
No players found
No players found
No players found
No players found
No players found
No players found
No players found
No players found
No players found
No players found
No players found
No players found
No players found
No players found
No players found
No players found
No players found
No players found
No players found
No players found
No players found
No players found
No players found
No players found
No players found
No players found
No players found
No players found
No players found
No players found
No players found
No players found
No players found
No players found
No players found
No players found
No players found
No players found
No players found
No players found
No players found
No players found
No players found
No players found
No players found
No players found
No players found
No players found
No players found
No players found
No players found
No players found
No players found
No players found
No players found
No players found
No players found
No players found
No players found
No players found
No players found
No players found
No players found
No players found
No players found
No players found
No players found
No players found
No players found
No players found
No players found
No players found
No players found
No players found
No players found
No players found
No players found
No players found
No players found
No players found
No players found
No players found
No players found
No players found
No players found
No players found
No players found
No players found
No players found
No players found
No players found
No players found
No players found
No players found
No players found
No players found
No players found
No players found
No players found
No players found
No players found
No players found
No players found
No players found
No players found
No players found
No players found
No players found
No players found
No players found
No players found
No players found
No players found
No players found
No players found
No players found
No players found
No players found
No players found
No players found
No players found
No players found
No players found
No players found
No players found
No players found
No players found
No players found
No players found
No players found
No players found
No players found
No players found
No players found
No players found
No players found
No players found
No players found
No players found
No players found
No players found
No players found
No players found
No players found
No players found
No players found
No players found
No players found
No players found
No players found
No players found
No players found
No players found
No players found
No players found
No players found
No players found
No players found
No players found
No players found
[2024-11-24 11:06:26.639] [info] Using configuration file /home/guizo/.config/waybar/config.jsonc
[2024-11-24 11:06:26.639] [info] Including resource file: $HOME/.config/waybar/modules/DefaultModules.jsonc
[2024-11-24 11:06:26.640] [info] Including resource file: $HOME/.config/waybar/modules/CustomModules.jsonc
[2024-11-24 11:06:26.640] [info] Including resource file: $HOME/.config/waybar/modules/CustomGroups.jsonc
[2024-11-24 11:06:26.645] [info] Discovered appearance 'dark'
[2024-11-24 11:06:26.645] [info] Using CSS file /home/guizo/.config/waybar/style.css
[2024-11-24 11:06:26.657] [warning] Mapping is not an object
[2024-11-24 11:06:26.668] [warning] module cava: Unknown module: cava
[2024-11-24 11:06:26.670] [error] media stopped unexpectedly, is it endless?
[2024-11-24 11:06:26.673] [warning] Can't open /dev/input/mice (are you in the input group?): EACCES Permission denied
[2024-11-24 11:06:26.673] [warning] Can't open /dev/input/event0 (are you in the input group?): EACCES Permission denied
[2024-11-24 11:06:26.673] [warning] Can't open /dev/input/event1 (are you in the input group?): EACCES Permission denied
[2024-11-24 11:06:26.673] [warning] Can't open /dev/input/event2 (are you in the input group?): EACCES Permission denied
[2024-11-24 11:06:26.673] [warning] Can't open /dev/input/event3 (are you in the input group?): EACCES Permission denied
[2024-11-24 11:06:26.673] [warning] Can't open /dev/input/event4 (are you in the input group?): EACCES Permission denied
[2024-11-24 11:06:26.673] [warning] Can't open /dev/input/mouse0 (are you in the input group?): EACCES Permission denied
[2024-11-24 11:06:26.673] [warning] Can't open /dev/input/event5 (are you in the input group?): EACCES Permission denied
[2024-11-24 11:06:26.673] [warning] Can't open /dev/input/mouse1 (are you in the input group?): EACCES Permission denied
[2024-11-24 11:06:26.673] [warning] Can't open /dev/input/event6 (are you in the input group?): EACCES Permission denied
[2024-11-24 11:06:26.673] [warning] Can't open /dev/input/event7 (are you in the input group?): EACCES Permission denied
[2024-11-24 11:06:26.673] [warning] Can't open /dev/input/event8 (are you in the input group?): EACCES Permission denied
[2024-11-24 11:06:26.673] [warning] Can't open /dev/input/event9 (are you in the input group?): EACCES Permission denied
[2024-11-24 11:06:26.673] [warning] Can't open /dev/input/event10 (are you in the input group?): EACCES Permission denied
[2024-11-24 11:06:26.673] [warning] Can't open /dev/input/event11 (are you in the input group?): EACCES Permission denied
[2024-11-24 11:06:26.673] [warning] Can't open /dev/input/event12 (are you in the input group?): EACCES Permission denied
[2024-11-24 11:06:26.673] [warning] Can't open /dev/input/event13 (are you in the input group?): EACCES Permission denied
[2024-11-24 11:06:26.673] [warning] Can't open /dev/input/event14 (are you in the input group?): EACCES Permission denied
[2024-11-24 11:06:26.673] [warning] module keyboard-state: Disabling module "keyboard-state", Failed to find keyboard device: EACCES Permission denied
No players found

** (waybar:93763): WARNING **: 11:06:26.844: Status Notifier Item with bus name ':1.4' and object path '/org/ayatana/NotificationItem/nm_applet' is already registered

** (waybar:93763): WARNING **: 11:06:26.845: Status Notifier Item with bus name ':1.4' and object path '/org/ayatana/NotificationItem/nm_applet' is already registered

** (waybar:93763): WARNING **: 11:06:26.845: Status Notifier Item with bus name ':1.4' and object path '/org/ayatana/NotificationItem/nm_applet' is already registered

** (waybar:93763): WARNING **: 11:06:26.845: Status Notifier Item with bus name ':1.4' and object path '/org/ayatana/NotificationItem/nm_applet' is already registered

** (waybar:93763): WARNING **: 11:06:26.845: Status Notifier Item with bus name ':1.4' and object path '/org/ayatana/NotificationItem/nm_applet' is already registered

** (waybar:93763): WARNING **: 11:06:26.845: Status Notifier Item with bus name ':1.4' and object path '/org/ayatana/NotificationItem/nm_applet' is already registered

** (waybar:93763): WARNING **: 11:06:26.845: Status Notifier Item with bus name ':1.4' and object path '/org/ayatana/NotificationItem/nm_applet' is already registered

** (waybar:93763): WARNING **: 11:06:26.846: Status Notifier Item with bus name ':1.4' and object path '/org/ayatana/NotificationItem/nm_applet' is already registered

** (waybar:93763): WARNING **: 11:06:26.846: Status Notifier Item with bus name ':1.4' and object path '/org/ayatana/NotificationItem/nm_applet' is already registered

** (waybar:93763): WARNING **: 11:06:26.846: Status Notifier Item with bus name ':1.4' and object path '/org/ayatana/NotificationItem/nm_applet' is already registered
[2024-11-24 11:06:26.898] [info] Bar configured (width: 1920, height: 29) for output: eDP-1

** (waybar:93763): WARNING **: 11:06:28.037: Status Notifier Item with bus name ':1.4' and object path '/org/ayatana/NotificationItem/nm_applet' is already registered

** (waybar:93763): WARNING **: 11:06:28.037: Status Notifier Item with bus name ':1.4' and object path '/org/ayatana/NotificationItem/nm_applet' is already registered

** (waybar:93763): WARNING **: 11:06:28.037: Status Notifier Item with bus name ':1.4' and object path '/org/ayatana/NotificationItem/nm_applet' is already registered

** (waybar:93763): WARNING **: 11:06:28.037: Status Notifier Item with bus name ':1.4' and object path '/org/ayatana/NotificationItem/nm_applet' is already registered

** (waybar:93763): WARNING **: 11:06:28.037: Status Notifier Item with bus name ':1.4' and object path '/org/ayatana/NotificationItem/nm_applet' is already registered

** (waybar:93763): WARNING **: 11:06:28.037: Status Notifier Item with bus name ':1.4' and object path '/org/ayatana/NotificationItem/nm_applet' is already registered

** (waybar:93763): WARNING **: 11:06:28.038: Status Notifier Item with bus name ':1.4' and object path '/org/ayatana/NotificationItem/nm_applet' is already registered

** (waybar:93763): WARNING **: 11:06:28.038: Status Notifier Item with bus name ':1.4' and object path '/org/ayatana/NotificationItem/nm_applet' is already registered

** (waybar:93763): WARNING **: 11:06:28.038: Status Notifier Item with bus name ':1.4' and object path '/org/ayatana/NotificationItem/nm_applet' is already registered

** (waybar:93763): WARNING **: 11:06:28.038: Status Notifier Item with bus name ':1.4' and object path '/org/ayatana/NotificationItem/nm_applet' is already registered
No players found
No players found
No players found
No players found
[2024-11-24 17:12:21.992] [info] Using configuration file /home/guizo/.config/waybar/config.jsonc
[2024-11-24 17:12:21.995] [info] Including resource file: $HOME/.config/waybar/modules/DefaultModules.jsonc
[2024-11-24 17:12:21.996] [info] Including resource file: $HOME/.config/waybar/modules/CustomModules.jsonc
[2024-11-24 17:12:21.997] [info] Including resource file: $HOME/.config/waybar/modules/CustomGroups.jsonc
[2024-11-24 17:12:22.003] [info] Discovered appearance 'dark'
[2024-11-24 17:12:22.003] [info] Using CSS file /home/guizo/.config/waybar/style.css
[2024-11-24 17:12:22.023] [warning] Mapping is not an object
[2024-11-24 17:12:22.039] [warning] module cava: Unknown module: cava
[2024-11-24 17:12:22.043] [error] media stopped unexpectedly, is it endless?
[2024-11-24 17:12:22.046] [warning] Can't open /dev/input/mice (are you in the input group?): EACCES Permission denied
[2024-11-24 17:12:22.046] [warning] Can't open /dev/input/event0 (are you in the input group?): EACCES Permission denied
[2024-11-24 17:12:22.046] [warning] Can't open /dev/input/event1 (are you in the input group?): EACCES Permission denied
[2024-11-24 17:12:22.046] [warning] Can't open /dev/input/event2 (are you in the input group?): EACCES Permission denied
[2024-11-24 17:12:22.046] [warning] Can't open /dev/input/event3 (are you in the input group?): EACCES Permission denied
[2024-11-24 17:12:22.046] [warning] Can't open /dev/input/event4 (are you in the input group?): EACCES Permission denied
[2024-11-24 17:12:22.046] [warning] Can't open /dev/input/mouse0 (are you in the input group?): EACCES Permission denied
[2024-11-24 17:12:22.046] [warning] Can't open /dev/input/event5 (are you in the input group?): EACCES Permission denied
[2024-11-24 17:12:22.046] [warning] Can't open /dev/input/mouse1 (are you in the input group?): EACCES Permission denied
[2024-11-24 17:12:22.046] [warning] Can't open /dev/input/event6 (are you in the input group?): EACCES Permission denied
[2024-11-24 17:12:22.046] [warning] Can't open /dev/input/event7 (are you in the input group?): EACCES Permission denied
[2024-11-24 17:12:22.046] [warning] Can't open /dev/input/event8 (are you in the input group?): EACCES Permission denied
[2024-11-24 17:12:22.046] [warning] Can't open /dev/input/event9 (are you in the input group?): EACCES Permission denied
[2024-11-24 17:12:22.046] [warning] Can't open /dev/input/event10 (are you in the input group?): EACCES Permission denied
[2024-11-24 17:12:22.046] [warning] Can't open /dev/input/event11 (are you in the input group?): EACCES Permission denied
[2024-11-24 17:12:22.046] [warning] Can't open /dev/input/event12 (are you in the input group?): EACCES Permission denied
[2024-11-24 17:12:22.046] [warning] Can't open /dev/input/event13 (are you in the input group?): EACCES Permission denied
[2024-11-24 17:12:22.047] [warning] Can't open /dev/input/event14 (are you in the input group?): EACCES Permission denied
[2024-11-24 17:12:22.047] [warning] Can't open /dev/input/event15 (are you in the input group?): EACCES Permission denied
[2024-11-24 17:12:22.047] [warning] module keyboard-state: Disabling module "keyboard-state", Failed to find keyboard device: EACCES Permission denied

** (waybar:83013): WARNING **: 17:12:22.274: Status Notifier Item with bus name ':1.4' and object path '/org/ayatana/NotificationItem/nm_applet' is already registered
[2024-11-24 17:12:22.334] [info] Bar configured (width: 1920, height: 29) for output: eDP-1
[2024-11-24 17:12:22.334] [error] Item '': No icon name or pixmap given.

** (waybar:83013): WARNING **: 17:12:24.015: Status Notifier Item with bus name ':1.4' and object path '/org/ayatana/NotificationItem/nm_applet' is already registered
[2024-11-24 18:05:30.069] [info] Using configuration file /home/guizo/.config/waybar/config.jsonc
[2024-11-24 18:05:30.072] [info] Including resource file: $HOME/.config/waybar/modules/DefaultModules.jsonc
[2024-11-24 18:05:30.073] [info] Including resource file: $HOME/.config/waybar/modules/CustomModules.jsonc
[2024-11-24 18:05:30.074] [info] Including resource file: $HOME/.config/waybar/modules/CustomGroups.jsonc
[2024-11-24 18:05:30.077] [info] Discovered appearance 'dark'
[2024-11-24 18:05:30.077] [info] Using CSS file /home/guizo/.config/waybar/style.css
[2024-11-24 18:05:30.090] [warning] Mapping is not an object
[2024-11-24 18:05:30.101] [warning] module cava: Unknown module: cava
[2024-11-24 18:05:30.104] [error] media stopped unexpectedly, is it endless?
[2024-11-24 18:05:30.106] [warning] Can't open /dev/input/mice (are you in the input group?): EACCES Permission denied
[2024-11-24 18:05:30.106] [warning] Can't open /dev/input/event0 (are you in the input group?): EACCES Permission denied
[2024-11-24 18:05:30.106] [warning] Can't open /dev/input/event1 (are you in the input group?): EACCES Permission denied
[2024-11-24 18:05:30.106] [warning] Can't open /dev/input/event2 (are you in the input group?): EACCES Permission denied
[2024-11-24 18:05:30.106] [warning] Can't open /dev/input/event3 (are you in the input group?): EACCES Permission denied
[2024-11-24 18:05:30.106] [warning] Can't open /dev/input/event4 (are you in the input group?): EACCES Permission denied
[2024-11-24 18:05:30.106] [warning] Can't open /dev/input/mouse0 (are you in the input group?): EACCES Permission denied
[2024-11-24 18:05:30.106] [warning] Can't open /dev/input/event5 (are you in the input group?): EACCES Permission denied
[2024-11-24 18:05:30.106] [warning] Can't open /dev/input/mouse1 (are you in the input group?): EACCES Permission denied
[2024-11-24 18:05:30.106] [warning] Can't open /dev/input/event6 (are you in the input group?): EACCES Permission denied
[2024-11-24 18:05:30.106] [warning] Can't open /dev/input/event7 (are you in the input group?): EACCES Permission denied
[2024-11-24 18:05:30.106] [warning] Can't open /dev/input/event8 (are you in the input group?): EACCES Permission denied
[2024-11-24 18:05:30.106] [warning] Can't open /dev/input/event9 (are you in the input group?): EACCES Permission denied
[2024-11-24 18:05:30.106] [warning] Can't open /dev/input/event10 (are you in the input group?): EACCES Permission denied
[2024-11-24 18:05:30.106] [warning] Can't open /dev/input/event11 (are you in the input group?): EACCES Permission denied
[2024-11-24 18:05:30.106] [warning] Can't open /dev/input/event12 (are you in the input group?): EACCES Permission denied
[2024-11-24 18:05:30.106] [warning] Can't open /dev/input/event13 (are you in the input group?): EACCES Permission denied
[2024-11-24 18:05:30.106] [warning] Can't open /dev/input/event14 (are you in the input group?): EACCES Permission denied
[2024-11-24 18:05:30.106] [warning] Can't open /dev/input/event15 (are you in the input group?): EACCES Permission denied
[2024-11-24 18:05:30.107] [warning] module keyboard-state: Disabling module "keyboard-state", Failed to find keyboard device: EACCES Permission denied

** (waybar:113227): WARNING **: 18:05:30.271: Status Notifier Item with bus name ':1.4' and object path '/org/ayatana/NotificationItem/nm_applet' is already registered
[2024-11-24 18:05:30.296] [info] Bar configured (width: 1920, height: 29) for output: eDP-1
[2024-11-24 18:05:30.296] [error] Item '': No icon name or pixmap given.

** (waybar:113227): WARNING **: 18:05:32.049: Status Notifier Item with bus name ':1.4' and object path '/org/ayatana/NotificationItem/nm_applet' is already registered

(waybar:113227): LIBDBUSMENU-GLIB-WARNING **: 18:42:40.913: Unable to replace properties on 0: Error getting properties for ID

(waybar:113227): LIBDBUSMENU-GLIB-WARNING **: 18:42:41.003: Unable to replace properties on 0: Error getting properties for ID

(waybar:113227): LIBDBUSMENU-GLIB-WARNING **: 18:42:41.104: Unable to replace properties on 0: Error getting properties for ID

(waybar:113227): LIBDBUSMENU-GLIB-WARNING **: 18:42:41.221: Unable to replace properties on 0: Error getting properties for ID

(waybar:113227): LIBDBUSMENU-GLIB-WARNING **: 18:42:41.221: Unable to replace properties on 1310720: Error getting properties for ID

(waybar:113227): LIBDBUSMENU-GLIB-WARNING **: 18:42:41.221: Unable to replace properties on 1638400: Error getting properties for ID

(waybar:113227): LIBDBUSMENU-GLIB-WARNING **: 18:42:41.307: Unable to replace properties on 0: Error getting properties for ID

(waybar:113227): LIBDBUSMENU-GLIB-WARNING **: 18:42:42.854: Unable to replace properties on 0: Error getting properties for ID

(waybar:113227): LIBDBUSMENU-GLIB-WARNING **: 18:42:42.881: Unable to replace properties on 0: Error getting properties for ID

(waybar:113227): LIBDBUSMENU-GLIB-WARNING **: 18:42:42.917: Unable to replace properties on 0: Error getting properties for ID

(waybar:113227): LIBDBUSMENU-GLIB-WARNING **: 18:42:43.025: Unable to replace properties on 0: Error getting properties for ID

(waybar:113227): LIBDBUSMENU-GLIB-WARNING **: 18:42:43.123: Unable to replace properties on 0: Error getting properties for ID

(waybar:113227): LIBDBUSMENU-GLIB-WARNING **: 18:42:43.258: Unable to replace properties on 0: Error getting properties for ID

(waybar:113227): LIBDBUSMENU-GLIB-WARNING **: 18:42:43.322: Unable to replace properties on 0: Error getting properties for ID

(waybar:113227): LIBDBUSMENU-GLIB-WARNING **: 18:42:43.430: Unable to replace properties on 0: Error getting properties for ID

(waybar:113227): LIBDBUSMENU-GLIB-WARNING **: 18:42:43.540: Unable to replace properties on 0: Error getting properties for ID

(waybar:113227): LIBDBUSMENU-GLIB-WARNING **: 18:42:43.639: Unable to replace properties on 0: Error getting properties for ID

(waybar:113227): LIBDBUSMENU-GLIB-WARNING **: 18:42:43.728: Unable to replace properties on 0: Error getting properties for ID

(waybar:113227): LIBDBUSMENU-GLIB-WARNING **: 18:43:20.712: Unable to replace properties on 0: Error getting properties for ID

(waybar:113227): LIBDBUSMENU-GLIB-WARNING **: 18:43:20.768: Unable to replace properties on 0: Error getting properties for ID

(waybar:113227): LIBDBUSMENU-GLIB-WARNING **: 18:43:20.860: Unable to replace properties on 0: Error getting properties for ID

(waybar:113227): LIBDBUSMENU-GLIB-WARNING **: 18:43:23.075: Unable to replace properties on 0: Error getting properties for ID

(waybar:113227): LIBDBUSMENU-GLIB-WARNING **: 18:43:23.166: Unable to replace properties on 0: Error getting properties for ID

(waybar:113227): LIBDBUSMENU-GLIB-WARNING **: 18:43:23.266: Unable to replace properties on 0: Error getting properties for ID

(waybar:113227): LIBDBUSMENU-GLIB-WARNING **: 18:43:23.369: Unable to replace properties on 0: Error getting properties for ID

(waybar:113227): LIBDBUSMENU-GLIB-WARNING **: 18:43:23.474: Unable to replace properties on 0: Error getting properties for ID

(waybar:113227): LIBDBUSMENU-GLIB-WARNING **: 18:43:23.568: Unable to replace properties on 0: Error getting properties for ID

(waybar:113227): LIBDBUSMENU-GLIB-WARNING **: 18:43:23.681: Unable to replace properties on 0: Error getting properties for ID

(waybar:113227): LIBDBUSMENU-GLIB-WARNING **: 18:44:01.715: Unable to replace properties on 0: Error getting properties for ID

(waybar:113227): LIBDBUSMENU-GLIB-WARNING **: 18:44:01.790: Unable to replace properties on 0: Error getting properties for ID

(waybar:113227): LIBDBUSMENU-GLIB-WARNING **: 18:44:01.904: Unable to replace properties on 0: Error getting properties for ID

(waybar:113227): LIBDBUSMENU-GLIB-WARNING **: 18:44:03.790: Unable to replace properties on 0: Error getting properties for ID

(waybar:113227): LIBDBUSMENU-GLIB-WARNING **: 18:44:03.878: Unable to replace properties on 0: Error getting properties for ID

(waybar:113227): LIBDBUSMENU-GLIB-WARNING **: 18:44:03.978: Unable to replace properties on 0: Error getting properties for ID

(waybar:113227): LIBDBUSMENU-GLIB-WARNING **: 18:44:04.078: Unable to replace properties on 0: Error getting properties for ID

(waybar:113227): LIBDBUSMENU-GLIB-WARNING **: 18:44:04.179: Unable to replace properties on 0: Error getting properties for ID

(waybar:113227): LIBDBUSMENU-GLIB-WARNING **: 18:44:04.281: Unable to replace properties on 0: Error getting properties for ID

(waybar:113227): LIBDBUSMENU-GLIB-WARNING **: 18:44:04.386: Unable to replace properties on 0: Error getting properties for ID

** (waybar:113227): WARNING **: 18:45:16.546: Status Notifier Host with bus name ':1.10058' and object path '/StatusNotifierHost/0' is already registered

** (waybar:113227): WARNING **: 18:45:16.549: Status Notifier Item with bus name ':1.4' and object path '/org/ayatana/NotificationItem/nm_applet' is already registered
