
2024/10/19 (23:31:58) | ===> btop++ v.1.3.2
2024/10/19 (23:31:58) | ERROR: No tty detected!
btop++ needs an interactive shell to run.

2024/10/19 (23:31:59) | ===> btop++ v.1.3.2
2024/10/19 (23:31:59) | ERROR: No tty detected!
btop++ needs an interactive shell to run.

2024/10/19 (23:32:07) | ===> btop++ v.1.3.2
2024/10/19 (23:32:07) | ERROR: No tty detected!
btop++ needs an interactive shell to run.

2024/11/07 (19:24:40) | ===> btop++ v.1.3.2
2024/11/07 (19:24:40) | ERROR: Invalid RGB decimal value: "$red"
2024/11/07 (19:24:44) | ERROR: Invalid RGB decimal value: "$red"

2024/11/07 (19:24:54) | ===> btop++ v.1.3.2
2024/11/07 (19:24:54) | ERROR: Invalid RGB decimal value: "red"

2024/12/24 (08:39:20) | ===> btop++ v.1.4.0
2024/12/24 (08:39:20) | WARNING: Intel GPU: Failed to initialize PMU

2024/12/24 (08:58:30) | ===> btop++ v.1.4.0
2024/12/24 (08:58:30) | WARNING: Intel GPU: Failed to initialize PMU

2025/01/03 (15:55:21) | ===> btop++ v.1.4.0
2025/01/03 (15:55:21) | WARNING: Intel GPU: Failed to initialize PMU

2025/01/07 (13:33:12) | ===> btop++ v.1.4.0
2025/01/07 (13:33:12) | WARNING: Intel GPU: Failed to initialize PMU

2025/01/07 (13:33:26) | ===> btop++ v.1.4.0
2025/01/07 (13:33:26) | WARNING: Intel GPU: Failed to initialize PMU

2025/01/08 (18:26:50) | ===> btop++ v.1.4.0
2025/01/08 (18:26:50) | WARNING: Intel GPU: Failed to initialize PMU

2025/01/08 (18:29:45) | ===> btop++ v.1.4.0
2025/01/08 (18:29:45) | WARNING: Intel GPU: Failed to initialize PMU

2025/01/13 (14:41:42) | ===> btop++ v.1.4.0
2025/01/13 (14:41:42) | WARNING: Intel GPU: Failed to initialize PMU

2025/01/13 (17:33:15) | ===> btop++ v.1.4.0
2025/01/13 (17:33:15) | WARNING: Intel GPU: Failed to initialize PMU

2025/01/15 (14:09:34) | ===> btop++ v.1.4.0
2025/01/15 (14:09:34) | WARNING: Intel GPU: Failed to initialize PMU

2025/03/04 (20:28:52) | ===> btop++ v.1.4.0
2025/03/04 (20:28:52) | WARNING: Intel GPU: Failed to initialize PMU

2025/03/04 (20:35:42) | ===> btop++ v.1.4.0
2025/03/04 (20:35:42) | WARNING: Intel GPU: Failed to initialize PMU

2025/03/06 (14:05:32) | ===> btop++ v.1.4.0
2025/03/06 (14:05:32) | WARNING: Intel GPU: Failed to initialize PMU
